{
  "0 debug pnpm:scope": {
    "selected": 1
  },
  "1 error pnpm": {
    "errno": 1,
    "code": "ELIFECYCLE",
    "pkgid": "message_template_editor@1.0.0",
    "stage": "build",
    "script": "webpack --config webpack.config.js",
    "pkgname": "message_template_editor",
    "err": {
      "name": "pnpm",
      "message": "message_template_editor@1.0.0 build: `webpack --config webpack.config.js`\nExit status 1",
      "code": "ELIFECYCLE",
      "stack": "pnpm: message_template_editor@1.0.0 build: `webpack --config webpack.config.js`\nExit status 1\n    at EventEmitter.<anonymous> (C:\\Users\\Araik\\AppData\\Roaming\\nvm\\v16.19.0\\node_modules\\pnpm\\dist\\pnpm.cjs:105685:20)\n    at EventEmitter.emit (node:events:513:28)\n    at ChildProcess.<anonymous> (C:\\Users\\Araik\\AppData\\Roaming\\nvm\\v16.19.0\\node_modules\\pnpm\\dist\\pnpm.cjs:92232:18)\n    at ChildProcess.emit (node:events:513:28)\n    at maybeClose (node:internal/child_process:1100:16)\n    at Process.ChildProcess._handle.onexit (node:internal/child_process:304:5)"
    }
  },
  "2 warn pnpm:global": " Local package.json exists, but node_modules missing, did you mean to install?"
}